<?xml version="1.0" encoding="UTF-8"?>
<!-- Generated by org.testng.reporters.JUnitReportReporter -->
<testsuite hostname="LN0C5772E6454B" name="testCases.HybridExecuteTest" tests="10" failures="0" timestamp="28 May 2018 08:43:56 GMT" time="7.805" errors="0">
  <testcase name="testLogin" time="1.253" classname="testCases.HybridExecuteTest"/>
  <testcase name="testLogin" time="0.066" classname="testCases.HybridExecuteTest"/>
  <testcase name="testLogin" time="1.022" classname="testCases.HybridExecuteTest"/>
  <testcase name="testLogin" time="0.080" classname="testCases.HybridExecuteTest"/>
  <testcase name="testLogin" time="0.114" classname="testCases.HybridExecuteTest"/>
  <testcase name="testLogin" time="0.122" classname="testCases.HybridExecuteTest"/>
  <testcase name="testLogin" time="2.625" classname="testCases.HybridExecuteTest"/>
  <testcase name="testLogin" time="0.080" classname="testCases.HybridExecuteTest"/>
  <testcase name="testLogin" time="2.204" classname="testCases.HybridExecuteTest"/>
  <testcase name="testLogin" time="0.239" classname="testCases.HybridExecuteTest"/>
</testsuite> <!-- testCases.HybridExecuteTest -->
